OPTIONS /expense/userExpenses?page=1&limit=2 204 0 - 0.120 ms
GET /expense/userExpenses?page=1&limit=2 304 - - 21.218 ms
OPTIONS /expense/userExpenses?page=1&limit=2 204 0 - 1.427 ms
GET /expense/userExpenses?page=1&limit=2 304 - - 26.869 ms
OPTIONS /expense/userExpenses?page=2&limit=2 204 0 - 0.205 ms
GET /expense/userExpenses?page=2&limit=2 200 623 - 15.552 ms
OPTIONS /expense/userExpenses?page=3&limit=2 204 0 - 0.118 ms
GET /expense/userExpenses?page=3&limit=2 200 642 - 10.115 ms
OPTIONS /expense/userExpenses?page=1&limit=4 204 0 - 0.239 ms
GET /expense/userExpenses?page=1&limit=4 200 929 - 7.556 ms
OPTIONS /expense/userExpenses?page=2&limit=4 204 0 - 0.117 ms
GET /expense/userExpenses?page=2&limit=4 200 799 - 8.224 ms
OPTIONS /expense/userExpenses?page=1&limit=4 204 0 - 0.140 ms
GET /expense/userExpenses?page=1&limit=4 304 - - 7.749 ms
OPTIONS /expense/userExpenses?page=1&limit=2 204 0 - 0.238 ms
GET /expense/userExpenses?page=1&limit=2 304 - - 27.089 ms
OPTIONS /user/login 204 0 - 1.194 ms
POST /user/login 200 405 - 194.233 ms
OPTIONS /expense/userExpenses?page=1&limit=2 204 0 - 0.232 ms
GET /expense/userExpenses?page=1&limit=2 200 637 - 16.929 ms
OPTIONS /purchase/premiummembership 204 0 - 0.113 ms
GET /purchase/premiummembership 201 254 - 595.641 ms
OPTIONS /user/login 204 0 - 0.354 ms
POST /user/login 200 409 - 74.983 ms
OPTIONS /expense/userExpenses?page=1&limit=2 204 0 - 0.097 ms
GET /expense/userExpenses?page=1&limit=2 200 640 - 10.800 ms
OPTIONS /purchase/premiummembership 204 0 - 0.125 ms
GET /purchase/premiummembership 201 254 - 479.848 ms
OPTIONS /purchase/premiummembership 204 0 - 0.135 ms
GET /purchase/premiummembership 201 254 - 385.521 ms
OPTIONS /purchase/premiummembership 204 0 - 0.135 ms
GET /purchase/premiummembership 201 254 - 374.291 ms
OPTIONS /expense/userExpenses?page=2&limit=2 204 0 - 0.277 ms
GET /expense/userExpenses?page=2&limit=2 200 493 - 11.095 ms
OPTIONS /expense/userExpenses?page=1&limit=2 204 0 - 0.254 ms
GET /expense/userExpenses?page=1&limit=2 304 - - 7.770 ms
OPTIONS /user 204 0 - 0.260 ms
GET /user 200 1008 - 8.489 ms
OPTIONS /expense/download 204 0 - 0.139 ms
OPTIONS /expense/download 204 0 - 0.134 ms
GET /expense/download - - - - ms
OPTIONS /expense/userExpenses?page=1&limit=2 204 0 - 0.323 ms
GET /expense/userExpenses?page=1&limit=2 304 - - 16.486 ms
OPTIONS /expense/userExpenses?page=1&limit=2 204 0 - 0.114 ms
GET /expense/userExpenses?page=1&limit=2 304 - - 10.014 ms
OPTIONS /expense/userExpenses?page=2&limit=2 204 0 - 0.252 ms
GET /expense/userExpenses?page=2&limit=2 304 - - 8.028 ms
OPTIONS /expense/userExpenses?page=1&limit=2 204 0 - 0.121 ms
GET /expense/userExpenses?page=1&limit=2 304 - - 7.975 ms
OPTIONS /purchase/premiummembership 204 0 - 0.094 ms
GET /purchase/premiummembership 201 254 - 391.724 ms
OPTIONS /user/login 204 0 - 0.114 ms
POST /user/login 200 405 - 74.354 ms
OPTIONS /expense/userExpenses?page=1&limit=2 204 0 - 0.097 ms
GET /expense/userExpenses?page=1&limit=2 200 637 - 7.035 ms
OPTIONS /expense/userExpenses?page=2&limit=2 204 0 - 0.164 ms
GET /expense/userExpenses?page=2&limit=2 200 623 - 9.025 ms
OPTIONS /expense/userExpenses?page=3&limit=2 204 0 - 0.092 ms
GET /expense/userExpenses?page=3&limit=2 200 642 - 6.332 ms
OPTIONS /expense/userExpenses?page=4&limit=2 204 0 - 0.107 ms
GET /expense/userExpenses?page=4&limit=2 200 488 - 7.404 ms
OPTIONS /message/getMessages?lastMessageId=17 204 0 - 1.528 ms
GET /message/getMessages?lastMessageId=17 404 158 - 1.993 ms
OPTIONS /message/getMessages?lastMessageId=17 204 0 - 0.198 ms
GET /message/getMessages?lastMessageId=17 404 158 - 0.616 ms
OPTIONS /message/getMessages?lastMessageId=17 204 0 - 0.121 ms
GET /message/getMessages?lastMessageId=17 404 158 - 0.310 ms
OPTIONS /message/getMessages?lastMessageId=17 204 0 - 0.112 ms
GET /message/getMessages?lastMessageId=17 404 158 - 0.420 ms
OPTIONS /message/getMessages?lastMessageId=17 204 0 - 0.231 ms
GET /message/getMessages?lastMessageId=17 404 158 - 0.432 ms
OPTIONS /message/getMessages?lastMessageId=17 204 0 - 0.112 ms
GET /message/getMessages?lastMessageId=17 404 158 - 0.295 ms
OPTIONS /message/getMessages?lastMessageId=17 204 0 - 5.900 ms
GET /message/getMessages?lastMessageId=17 404 158 - 0.285 ms
OPTIONS /message/getMessages?lastMessageId=17 204 0 - 0.202 ms
GET /message/getMessages?lastMessageId=17 404 158 - 0.511 ms
OPTIONS /message/getMessages?lastMessageId=17 204 0 - 0.187 ms
GET /message/getMessages?lastMessageId=17 404 158 - 0.527 ms
OPTIONS /message/getMessages?lastMessageId=17 204 0 - 0.229 ms
GET /message/getMessages?lastMessageId=17 404 158 - 0.318 ms
OPTIONS /message/getMessages?lastMessageId=17 204 0 - 0.145 ms
GET /message/getMessages?lastMessageId=17 404 158 - 0.308 ms
OPTIONS /message/getMessages?lastMessageId=17 204 0 - 0.113 ms
GET /message/getMessages?lastMessageId=17 404 158 - 0.448 ms
OPTIONS /user/login 204 0 - 0.256 ms
OPTIONS /message/getMessages?lastMessageId=17 204 0 - 0.097 ms
GET /message/getMessages?lastMessageId=17 404 158 - 0.436 ms
POST /user/login 200 405 - 408.178 ms
OPTIONS /expense/userExpenses?page=1&limit=2 204 0 - 0.468 ms
GET /expense/userExpenses?page=1&limit=2 200 637 - 140.772 ms
OPTIONS /message/getMessages?lastMessageId=17 204 0 - 0.113 ms
GET /message/getMessages?lastMessageId=17 404 158 - 0.448 ms
OPTIONS /message/getMessages?lastMessageId=17 204 0 - 0.096 ms
GET /message/getMessages?lastMessageId=17 404 158 - 0.288 ms
OPTIONS /message/getMessages?lastMessageId=17 204 0 - 0.107 ms
GET /message/getMessages?lastMessageId=17 404 158 - 0.276 ms
OPTIONS /expense/userExpenses?page=2&limit=2 204 0 - 0.094 ms
GET /expense/userExpenses?page=2&limit=2 200 623 - 56.608 ms
OPTIONS /expense/userExpenses?page=3&limit=2 204 0 - 0.095 ms
GET /expense/userExpenses?page=3&limit=2 200 642 - 7.291 ms
OPTIONS /expense/userExpenses?page=4&limit=2 204 0 - 0.094 ms
GET /expense/userExpenses?page=4&limit=2 200 488 - 8.061 ms
OPTIONS /expense/userExpenses?page=3&limit=2 204 0 - 0.101 ms
GET /expense/userExpenses?page=3&limit=2 304 - - 8.601 ms
OPTIONS /expense/userExpenses?page=2&limit=2 204 0 - 0.115 ms
GET /expense/userExpenses?page=2&limit=2 304 - - 6.325 ms
OPTIONS /expense/userExpenses?page=1&limit=2 204 0 - 0.093 ms
GET /expense/userExpenses?page=1&limit=2 304 - - 6.606 ms
OPTIONS /message/getMessages?lastMessageId=17 204 0 - 0.113 ms
GET /message/getMessages?lastMessageId=17 404 158 - 0.385 ms
OPTIONS /message/getMessages?lastMessageId=17 204 0 - 0.092 ms
GET /message/getMessages?lastMessageId=17 404 158 - 0.236 ms
OPTIONS /message/getMessages?lastMessageId=17 204 0 - 0.117 ms
GET /message/getMessages?lastMessageId=17 404 158 - 0.293 ms
OPTIONS /message/getMessages?lastMessageId=17 204 0 - 0.118 ms
GET /message/getMessages?lastMessageId=17 404 158 - 0.268 ms
OPTIONS /message/getMessages?lastMessageId=17 204 0 - 0.115 ms
GET /message/getMessages?lastMessageId=17 404 158 - 0.254 ms
OPTIONS /message/getMessages?lastMessageId=17 204 0 - 0.093 ms
GET /message/getMessages?lastMessageId=17 404 158 - 0.298 ms
OPTIONS /message/getMessages?lastMessageId=17 204 0 - 0.087 ms
GET /message/getMessages?lastMessageId=17 404 158 - 0.242 ms
OPTIONS /message/getMessages?lastMessageId=17 204 0 - 0.096 ms
GET /message/getMessages?lastMessageId=17 404 158 - 0.250 ms
OPTIONS /message/getMessages?lastMessageId=17 204 0 - 0.088 ms
GET /message/getMessages?lastMessageId=17 404 158 - 0.274 ms
OPTIONS /message/getMessages?lastMessageId=17 204 0 - 0.096 ms
GET /message/getMessages?lastMessageId=17 404 158 - 0.264 ms
OPTIONS /message/getMessages?lastMessageId=17 204 0 - 0.112 ms
GET /message/getMessages?lastMessageId=17 404 158 - 0.310 ms
OPTIONS /message/getMessages?lastMessageId=17 204 0 - 0.092 ms
GET /message/getMessages?lastMessageId=17 404 158 - 0.260 ms
OPTIONS /message/getMessages?lastMessageId=17 204 0 - 0.143 ms
GET /message/getMessages?lastMessageId=17 404 158 - 0.417 ms
OPTIONS /message/getMessages?lastMessageId=17 204 0 - 0.121 ms
GET /message/getMessages?lastMessageId=17 404 158 - 0.245 ms
OPTIONS /message/getMessages?lastMessageId=17 204 0 - 0.109 ms
GET /message/getMessages?lastMessageId=17 404 158 - 0.260 ms
OPTIONS /message/getMessages?lastMessageId=17 204 0 - 0.666 ms
GET /message/getMessages?lastMessageId=17 404 158 - 0.262 ms
OPTIONS /message/getMessages?lastMessageId=17 204 0 - 0.092 ms
GET /message/getMessages?lastMessageId=17 404 158 - 0.261 ms
OPTIONS /message/getMessages?lastMessageId=17 204 0 - 0.090 ms
GET /message/getMessages?lastMessageId=17 404 158 - 0.246 ms
OPTIONS /message/getMessages?lastMessageId=17 204 0 - 0.101 ms
GET /message/getMessages?lastMessageId=17 404 158 - 0.280 ms
OPTIONS /message/getMessages?lastMessageId=17 204 0 - 0.093 ms
GET /message/getMessages?lastMessageId=17 404 158 - 0.459 ms
OPTIONS /message/getMessages?lastMessageId=17 204 0 - 0.100 ms
GET /message/getMessages?lastMessageId=17 404 158 - 0.266 ms
OPTIONS /message/getMessages?lastMessageId=17 204 0 - 0.091 ms
GET /message/getMessages?lastMessageId=17 404 158 - 0.258 ms
OPTIONS /message/getMessages?lastMessageId=17 204 0 - 0.105 ms
GET /message/getMessages?lastMessageId=17 404 158 - 0.241 ms
